Error: Ooops!
    at Timeout.setInterval [as _onTimeout] (C:\Platzi\NodeJS\public\utilidades-debugging\console-class.js:10:23)
    at ontimeout (timers.js:498:11)
    at tryOnTimeout (timers.js:323:5)
    at Timer.listOnTimeout (timers.js:290:5)
Error: Ooops!
    at Timeout.setInterval [as _onTimeout] (C:\Platzi\NodeJS\public\utilidades-debugging\console-class.js:10:23)
    at ontimeout (timers.js:498:11)
    at tryOnTimeout (timers.js:323:5)
    at Timer.listOnTimeout (timers.js:290:5)
Error: Ooops!
    at Timeout.setInterval [as _onTimeout] (C:\Platzi\NodeJS\public\utilidades-debugging\console-class.js:10:23)
    at ontimeout (timers.js:498:11)
    at tryOnTimeout (timers.js:323:5)
    at Timer.listOnTimeout (timers.js:290:5)
Error: Ooops!
    at Timeout.setInterval [as _onTimeout] (C:\Platzi\NodeJS\public\utilidades-debugging\console-class.js:10:23)
    at ontimeout (timers.js:498:11)
    at tryOnTimeout (timers.js:323:5)
    at Timer.listOnTimeout (timers.js:290:5)
Error: Ooops!
    at Timeout.setInterval [as _onTimeout] (C:\Platzi\NodeJS\public\utilidades-debugging\console-class.js:10:23)
    at ontimeout (timers.js:498:11)
    at tryOnTimeout (timers.js:323:5)
    at Timer.listOnTimeout (timers.js:290:5)
Error: Ooops!
    at Timeout.setInterval [as _onTimeout] (C:\Platzi\NodeJS\public\utilidades-debugging\console-class.js:10:23)
    at ontimeout (timers.js:498:11)
    at tryOnTimeout (timers.js:323:5)
    at Timer.listOnTimeout (timers.js:290:5)
Error: Ooops!
    at Timeout.setInterval [as _onTimeout] (C:\Platzi\NodeJS\public\utilidades-debugging\console-class.js:10:23)
    at ontimeout (timers.js:498:11)
    at tryOnTimeout (timers.js:323:5)
    at Timer.listOnTimeout (timers.js:290:5)
Error: Ooops!
    at Timeout.setInterval [as _onTimeout] (C:\Platzi\NodeJS\public\utilidades-debugging\console-class.js:10:23)
    at ontimeout (timers.js:498:11)
    at tryOnTimeout (timers.js:323:5)
    at Timer.listOnTimeout (timers.js:290:5)
Error: Ooops!
    at Timeout.setInterval [as _onTimeout] (C:\Platzi\NodeJS\public\utilidades-debugging\console-class.js:10:23)
    at ontimeout (timers.js:498:11)
    at tryOnTimeout (timers.js:323:5)
    at Timer.listOnTimeout (timers.js:290:5)
Error: Ooops!
    at Timeout.setInterval [as _onTimeout] (C:\Platzi\NodeJS\public\utilidades-debugging\console-class.js:10:23)
    at ontimeout (timers.js:498:11)
    at tryOnTimeout (timers.js:323:5)
    at Timer.listOnTimeout (timers.js:290:5)
Error: Ooops!
    at Timeout.setInterval [as _onTimeout] (C:\Platzi\NodeJS\public\utilidades-debugging\console-class.js:10:23)
    at ontimeout (timers.js:498:11)
    at tryOnTimeout (timers.js:323:5)
    at Timer.listOnTimeout (timers.js:290:5)
Error: Ooops!
    at Timeout.setInterval [as _onTimeout] (C:\Platzi\NodeJS\public\utilidades-debugging\console-class.js:10:23)
    at ontimeout (timers.js:498:11)
    at tryOnTimeout (timers.js:323:5)
    at Timer.listOnTimeout (timers.js:290:5)
Error: Ooops!
    at Timeout.setInterval [as _onTimeout] (C:\Platzi\NodeJS\public\utilidades-debugging\console-class.js:10:23)
    at ontimeout (timers.js:498:11)
    at tryOnTimeout (timers.js:323:5)
    at Timer.listOnTimeout (timers.js:290:5)
